<?xml version="1.0" encoding="UTF-8"?>
<robot generator="Robot 4.1.1 (Python 3.9.7 on win32)" generated="20211030 15:34:14.283" rpa="false" schemaversion="2">
<suite id="s1" name="EndtoEndTest" source="C:\Users\arvram\PycharmProjects\FlipkartFlightBooking\tests\EndtoEndTest.robot">
<kw name="Opening Browser with FlipKart Url" library="Generic" type="SETUP">
<kw name="Create Webdriver" library="SeleniumLibrary">
<arg>${browser_name}</arg>
<arg>executable_path=C:/Users/arvram/Documents/chromedriver/chromedriver.exe</arg>
<doc>Creates an instance of Selenium WebDriver.</doc>
<msg timestamp="20211030 15:34:15.197" level="INFO">Creating an instance of the Chrome WebDriver.</msg>
<status status="PASS" starttime="20211030 15:34:15.196" endtime="20211030 15:34:17.873"/>
</kw>
<kw name="Go To" library="SeleniumLibrary">
<arg>${url}</arg>
<doc>Navigates the current browser window to the provided ``url``.</doc>
<msg timestamp="20211030 15:34:17.874" level="INFO">Opening url 'https://www.flipkart.com/'</msg>
<status status="PASS" starttime="20211030 15:34:17.874" endtime="20211030 15:34:20.048"/>
</kw>
<kw name="Maximize Browser Window" library="SeleniumLibrary">
<doc>Maximizes current browser window.</doc>
<status status="PASS" starttime="20211030 15:34:20.048" endtime="20211030 15:34:20.247"/>
</kw>
<kw name="Sleep" library="BuiltIn">
<arg>1s</arg>
<doc>Pauses the test executed for the given time.</doc>
<msg timestamp="20211030 15:34:21.253" level="INFO">Slept 1 second</msg>
<status status="PASS" starttime="20211030 15:34:20.247" endtime="20211030 15:34:21.254"/>
</kw>
<status status="PASS" starttime="20211030 15:34:15.194" endtime="20211030 15:34:21.255"/>
</kw>
<test id="s1-t1" name="Should be able to complete an End to end scneario">
<kw name="Click on the close icon in LoginPopup" library="LandingPageObjects">
<kw name="Set Selenium Implicit Wait" library="SeleniumLibrary">
<arg>15s</arg>
<doc>Sets the implicit wait value used by Selenium.</doc>
<status status="PASS" starttime="20211030 15:34:21.258" endtime="20211030 15:34:21.264"/>
</kw>
<kw name="Click Button" library="SeleniumLibrary">
<arg>xpath://button[contains(text(),'✕')]</arg>
<doc>Clicks the button identified by ``locator``.</doc>
<msg timestamp="20211030 15:34:21.264" level="INFO">Clicking button 'xpath://button[contains(text(),'✕')]'.</msg>
<status status="PASS" starttime="20211030 15:34:21.264" endtime="20211030 15:34:21.633"/>
</kw>
<status status="PASS" starttime="20211030 15:34:21.258" endtime="20211030 15:34:21.634"/>
</kw>
<kw name="Click on the Travel Image option" library="LandingPageObjects">
<kw name="Click Image" library="SeleniumLibrary">
<arg>xpath://img[@alt='Travel']</arg>
<doc>Clicks an image identified by ``locator``.</doc>
<msg timestamp="20211030 15:34:21.636" level="INFO">Clicking image 'xpath://img[@alt='Travel']'.</msg>
<status status="PASS" starttime="20211030 15:34:21.635" endtime="20211030 15:34:21.809"/>
</kw>
<status status="PASS" starttime="20211030 15:34:21.635" endtime="20211030 15:34:21.810"/>
</kw>
<kw name=" Wait for booking page to Load" library="BookingPageObjects">
<kw name="Wait Until Page Contains Element" library="SeleniumLibrary">
<arg>${flipkart_title}</arg>
<doc>Waits until the element ``locator`` appears on the current page.</doc>
<status status="PASS" starttime="20211030 15:34:21.812" endtime="20211030 15:34:21.922"/>
</kw>
<status status="PASS" starttime="20211030 15:34:21.811" endtime="20211030 15:34:21.922"/>
</kw>
<kw name="Verify if OneWay Radio button is selected as default" library="BookingPageObjects">
<kw name="Radio Button Should Be Set To" library="SeleniumLibrary">
<arg>tripTypeList</arg>
<arg>on</arg>
<doc>Verifies radio button group ``group_name`` is set to ``value``.</doc>
<msg timestamp="20211030 15:34:21.924" level="INFO">Verifying radio button 'tripTypeList' has selection 'on'.</msg>
<status status="PASS" starttime="20211030 15:34:21.922" endtime="20211030 15:34:22.405"/>
</kw>
<status status="PASS" starttime="20211030 15:34:21.922" endtime="20211030 15:34:22.405"/>
</kw>
<kw name="Click on the TwoWay Radio Button" library="BookingPageObjects">
<kw name="Set Selenium Implicit Wait" library="SeleniumLibrary">
<arg>15s</arg>
<doc>Sets the implicit wait value used by Selenium.</doc>
<status status="PASS" starttime="20211030 15:34:22.411" endtime="20211030 15:34:22.422"/>
</kw>
<kw name="Click Element" library="SeleniumLibrary">
<arg>${round_trip_button}</arg>
<doc>Click the element identified by ``locator``.</doc>
<msg timestamp="20211030 15:34:22.424" level="INFO">Clicking element 'xpath://div[contains(text(),'Round Trip')]'.</msg>
<status status="PASS" starttime="20211030 15:34:22.423" endtime="20211030 15:34:22.817"/>
</kw>
<kw name="Click Element" library="SeleniumLibrary">
<arg>${round_trip_button}</arg>
<doc>Click the element identified by ``locator``.</doc>
<msg timestamp="20211030 15:34:22.818" level="INFO">Clicking element 'xpath://div[contains(text(),'Round Trip')]'.</msg>
<status status="PASS" starttime="20211030 15:34:22.817" endtime="20211030 15:34:22.919"/>
</kw>
<kw name="Sleep" library="BuiltIn">
<arg>5s</arg>
<doc>Pauses the test executed for the given time.</doc>
<msg timestamp="20211030 15:34:27.924" level="INFO">Slept 5 seconds</msg>
<status status="PASS" starttime="20211030 15:34:22.920" endtime="20211030 15:34:27.924"/>
</kw>
<status status="PASS" starttime="20211030 15:34:22.411" endtime="20211030 15:34:27.924"/>
</kw>
<kw name="Select the depature city" library="BookingPageObjects">
<kw name="Set Selenium Implicit Wait" library="SeleniumLibrary">
<arg>15s</arg>
<doc>Sets the implicit wait value used by Selenium.</doc>
<status status="PASS" starttime="20211030 15:34:27.925" endtime="20211030 15:34:27.925"/>
</kw>
<kw name="Auto Suggestion Dropdown" library="BookingPage">
<arg>${depart_city}</arg>
<arg>Kolkata</arg>
<msg timestamp="20211030 15:34:27.933" level="INFO">Clicking element 'xpath://input[@name='0-departcity']'.</msg>
<msg timestamp="20211030 15:34:28.074" level="INFO">Sending key(s) ('CTRL+a',) to xpath://input[@name='0-departcity'] element.</msg>
<msg timestamp="20211030 15:34:28.391" level="INFO">Pressing special key CONTROL down.</msg>
<msg timestamp="20211030 15:34:28.392" level="INFO">Sending key a</msg>
<msg timestamp="20211030 15:34:28.392" level="INFO">Releasing special key CONTROL.</msg>
<msg timestamp="20211030 15:34:28.428" level="INFO">Sending key(s) ('BACKSPACE',) to xpath://input[@name='0-departcity'] element.</msg>
<msg timestamp="20211030 15:34:28.936" level="INFO">Pressing special key BACKSPACE to element.</msg>
<msg timestamp="20211030 15:34:28.939" level="INFO">Releasing special key BACKSPACE.</msg>
<msg timestamp="20211030 15:34:28.987" level="INFO">Typing text 'Kolkata' into text field 'xpath://input[@name='0-departcity']'.</msg>
<msg timestamp="20211030 15:34:32.238" level="INFO">Sending key(s) ('ARROW_DOWN',) to xpath://input[@name='0-departcity'] element.</msg>
<msg timestamp="20211030 15:34:32.552" level="INFO">Pressing special key ARROW_DOWN to element.</msg>
<msg timestamp="20211030 15:34:32.552" level="INFO">Releasing special key ARROW_DOWN.</msg>
<msg timestamp="20211030 15:34:32.586" level="INFO">Sending key(s) ('ENTER',) to xpath://input[@name='0-departcity'] element.</msg>
<msg timestamp="20211030 15:34:32.898" level="INFO">Pressing special key ENTER to element.</msg>
<msg timestamp="20211030 15:34:32.898" level="INFO">Releasing special key ENTER.</msg>
<status status="PASS" starttime="20211030 15:34:27.925" endtime="20211030 15:34:32.936"/>
</kw>
<status status="PASS" starttime="20211030 15:34:27.925" endtime="20211030 15:34:32.937"/>
</kw>
<kw name="Select the arrival city" library="BookingPageObjects">
<kw name="Set Selenium Implicit Wait" library="SeleniumLibrary">
<arg>20s</arg>
<doc>Sets the implicit wait value used by Selenium.</doc>
<status status="PASS" starttime="20211030 15:34:32.939" endtime="20211030 15:34:32.947"/>
</kw>
<kw name="Auto Suggestion Dropdown" library="BookingPage">
<arg>${arrival_city}</arg>
<arg>Chennai</arg>
<msg timestamp="20211030 15:34:32.948" level="INFO">Clicking element 'xpath://input[@name='0-arrivalcity']'.</msg>
<msg timestamp="20211030 15:34:33.140" level="INFO">Sending key(s) ('CTRL+a',) to xpath://input[@name='0-arrivalcity'] element.</msg>
<msg timestamp="20211030 15:34:33.466" level="INFO">Pressing special key CONTROL down.</msg>
<msg timestamp="20211030 15:34:33.466" level="INFO">Sending key a</msg>
<msg timestamp="20211030 15:34:33.466" level="INFO">Releasing special key CONTROL.</msg>
<msg timestamp="20211030 15:34:33.492" level="INFO">Sending key(s) ('BACKSPACE',) to xpath://input[@name='0-arrivalcity'] element.</msg>
<msg timestamp="20211030 15:34:33.798" level="INFO">Pressing special key BACKSPACE to element.</msg>
<msg timestamp="20211030 15:34:33.798" level="INFO">Releasing special key BACKSPACE.</msg>
<msg timestamp="20211030 15:34:33.812" level="INFO">Typing text 'Chennai' into text field 'xpath://input[@name='0-arrivalcity']'.</msg>
<msg timestamp="20211030 15:34:37.015" level="INFO">Sending key(s) ('ARROW_DOWN',) to xpath://input[@name='0-arrivalcity'] element.</msg>
<msg timestamp="20211030 15:34:37.345" level="INFO">Pressing special key ARROW_DOWN to element.</msg>
<msg timestamp="20211030 15:34:37.345" level="INFO">Releasing special key ARROW_DOWN.</msg>
<msg timestamp="20211030 15:34:37.376" level="INFO">Sending key(s) ('ENTER',) to xpath://input[@name='0-arrivalcity'] element.</msg>
<msg timestamp="20211030 15:34:37.735" level="INFO">Pressing special key ENTER to element.</msg>
<msg timestamp="20211030 15:34:37.735" level="INFO">Releasing special key ENTER.</msg>
<status status="PASS" starttime="20211030 15:34:32.947" endtime="20211030 15:34:37.787"/>
</kw>
<status status="PASS" starttime="20211030 15:34:32.938" endtime="20211030 15:34:37.787"/>
</kw>
<kw name="Select the Departue date" library="BookingPageObjects">
<kw name="Date Selection" library="BookingPage">
<arg>1</arg>
<arg>14</arg>
<msg timestamp="20211030 15:34:37.789" level="INFO">Clicking element '(//button[contains(text(),'1')])[14]'.</msg>
<status status="PASS" starttime="20211030 15:34:37.789" endtime="20211030 15:34:38.189"/>
</kw>
<status status="PASS" starttime="20211030 15:34:37.789" endtime="20211030 15:34:38.189"/>
</kw>
<kw name="Select the Return date" library="BookingPageObjects">
<kw name="Set Selenium Implicit Wait" library="SeleniumLibrary">
<arg>15s</arg>
<doc>Sets the implicit wait value used by Selenium.</doc>
<status status="PASS" starttime="20211030 15:34:38.192" endtime="20211030 15:34:38.197"/>
</kw>
<kw name="Date Selection" library="BookingPage">
<arg>30</arg>
<arg>2</arg>
<msg timestamp="20211030 15:34:38.197" level="INFO">Clicking element '(//button[contains(text(),'30')])[2]'.</msg>
<status status="PASS" starttime="20211030 15:34:38.197" endtime="20211030 15:34:38.424"/>
</kw>
<status status="PASS" starttime="20211030 15:34:38.189" endtime="20211030 15:34:38.424"/>
</kw>
<kw name="Add total number of Adults and childrens travellers" library="BookingPageObjects">
<kw name="Add Travellers" library="BookingPage">
<arg>2</arg>
<msg timestamp="20211030 15:34:38.429" level="INFO">Clicking element '(// div[@class ='VjWsXZ'])[2]'.</msg>
<status status="PASS" starttime="20211030 15:34:38.429" endtime="20211030 15:34:38.724"/>
</kw>
<kw name="Add Travellers" library="BookingPage">
<arg>4</arg>
<msg timestamp="20211030 15:34:38.725" level="INFO">Clicking element '(// div[@class ='VjWsXZ'])[4]'.</msg>
<status status="PASS" starttime="20211030 15:34:38.725" endtime="20211030 15:34:38.939"/>
</kw>
<status status="PASS" starttime="20211030 15:34:38.427" endtime="20211030 15:34:38.941"/>
</kw>
<kw name="Verify if Economy Radio button is selected as default" library="BookingPageObjects">
<kw name="Radio Button Should Be Set To" library="SeleniumLibrary">
<arg>travel-cabin-class</arg>
<arg>on</arg>
<doc>Verifies radio button group ``group_name`` is set to ``value``.</doc>
<msg timestamp="20211030 15:34:38.945" level="INFO">Verifying radio button 'travel-cabin-class' has selection 'on'.</msg>
<status status="PASS" starttime="20211030 15:34:38.944" endtime="20211030 15:34:39.101"/>
</kw>
<status status="PASS" starttime="20211030 15:34:38.943" endtime="20211030 15:34:39.101"/>
</kw>
<kw name="Click on the Search button after entering all booking details" library="BookingPageObjects">
<kw name="Click Element" library="SeleniumLibrary">
<arg>${search_button}</arg>
<doc>Click the element identified by ``locator``.</doc>
<msg timestamp="20211030 15:34:39.101" level="INFO">Clicking element 'xpath://span[normalize-space()='SEARCH']'.</msg>
<status status="PASS" starttime="20211030 15:34:39.101" endtime="20211030 15:34:39.345"/>
</kw>
<status status="PASS" starttime="20211030 15:34:39.101" endtime="20211030 15:34:39.346"/>
</kw>
<kw name="Wait for the Flight booking page to Load" library="FlightResultsPageObjects">
<kw name="Set Selenium Implicit Wait" library="SeleniumLibrary">
<arg>30s</arg>
<doc>Sets the implicit wait value used by Selenium.</doc>
<status status="PASS" starttime="20211030 15:34:39.349" endtime="20211030 15:34:39.359"/>
</kw>
<kw name="Sleep" library="BuiltIn">
<arg>11s</arg>
<doc>Pauses the test executed for the given time.</doc>
<msg timestamp="20211030 15:34:50.362" level="INFO">Slept 11 seconds</msg>
<status status="PASS" starttime="20211030 15:34:39.359" endtime="20211030 15:34:50.362"/>
</kw>
<kw name="Wait Until Page Contains Element" library="SeleniumLibrary">
<arg>${nonstop_button}</arg>
<doc>Waits until the element ``locator`` appears on the current page.</doc>
<status status="PASS" starttime="20211030 15:34:50.363" endtime="20211030 15:34:51.648"/>
</kw>
<status status="PASS" starttime="20211030 15:34:39.347" endtime="20211030 15:34:51.648"/>
</kw>
<kw name="Verify if the Non stop checkbox is selected by default" library="FlightResultsPageObjects">
<kw name="Element Attribute Value Should Be" library="SeleniumLibrary">
<arg>${nonstop_verification}</arg>
<arg>class</arg>
<arg>c-switch switch-off</arg>
<doc>Verifies element identified by ``locator`` contains expected attribute value.</doc>
<msg timestamp="20211030 15:34:51.712" level="INFO">Element 'xpath:(//span[@class='c-switch switch-off'])[1]' attribute 'class' contains value 'c-switch switch-off'.</msg>
<status status="PASS" starttime="20211030 15:34:51.649" endtime="20211030 15:34:51.712"/>
</kw>
<status status="PASS" starttime="20211030 15:34:51.649" endtime="20211030 15:34:51.713"/>
</kw>
<kw name="Click on the Non stop checkbox if it is not selected" library="FlightResultsPageObjects">
<kw name="Set Selenium Implicit Wait" library="SeleniumLibrary">
<arg>20s</arg>
<doc>Sets the implicit wait value used by Selenium.</doc>
<status status="PASS" starttime="20211030 15:34:51.713" endtime="20211030 15:34:51.720"/>
</kw>
<kw name="Click Element" library="SeleniumLibrary">
<arg>${nonstop_verification}</arg>
<doc>Click the element identified by ``locator``.</doc>
<msg timestamp="20211030 15:34:51.720" level="INFO">Clicking element 'xpath:(//span[@class='c-switch switch-off'])[1]'.</msg>
<status status="PASS" starttime="20211030 15:34:51.720" endtime="20211030 15:34:51.959"/>
</kw>
<kw name="Sleep" library="BuiltIn">
<arg>2s</arg>
<doc>Pauses the test executed for the given time.</doc>
<msg timestamp="20211030 15:34:53.979" level="INFO">Slept 2 seconds</msg>
<status status="PASS" starttime="20211030 15:34:51.960" endtime="20211030 15:34:53.979"/>
</kw>
<status status="PASS" starttime="20211030 15:34:51.713" endtime="20211030 15:34:53.979"/>
</kw>
<kw name="Print prices of all arrival flights" library="FlightResultsPageObjects">
<kw name="Arrival Flight Prices" library="FlightResultsPage">
<arg>${arrival_flight_prices}</arg>
<msg timestamp="20211030 15:34:54.128" level="INFO">Chennai -&gt; Kolkata
4118
Chennai -&gt; Kolkata
4213</msg>
<status status="PASS" starttime="20211030 15:34:53.979" endtime="20211030 15:34:54.128"/>
</kw>
<status status="PASS" starttime="20211030 15:34:53.979" endtime="20211030 15:34:54.128"/>
</kw>
<kw name="Print prices of all depature flights and select the last depauture flight from the list" library="FlightResultsPageObjects">
<kw name="Print Depart Flight Prices And Select Last Depature Flight" library="FlightResultsPage">
<arg>${depart_flight_prices}</arg>
<msg timestamp="20211030 15:34:54.616" level="INFO">Executing JavaScript:
window.scrollTo(0, 1000)
Without any arguments.</msg>
<msg timestamp="20211030 15:34:57.680" level="INFO">Clicking element '(//div[@class='radio-list-item'])[9]'.</msg>
<msg timestamp="20211030 15:34:59.894" level="INFO">Kolkata -&gt; Chennai
6397
Kolkata -&gt; Chennai
6489
Kolkata -&gt; Chennai
6489
Kolkata -&gt; Chennai
6489
Kolkata -&gt; Chennai
6489
Kolkata -&gt; Chennai
6490
Kolkata -&gt; Chennai
6594
Kolkata -&gt; Chennai
7539
Kolkata -&gt; Chennai
8064
9</msg>
<status status="PASS" starttime="20211030 15:34:54.128" endtime="20211030 15:34:59.895"/>
</kw>
<status status="PASS" starttime="20211030 15:34:54.128" endtime="20211030 15:34:59.896"/>
</kw>
<kw name="Click on the book button to book the flights" library="FlightResultsPageObjects">
<kw name="Sleep" library="BuiltIn">
<arg>5s</arg>
<doc>Pauses the test executed for the given time.</doc>
<msg timestamp="20211030 15:35:04.914" level="INFO">Slept 5 seconds</msg>
<status status="PASS" starttime="20211030 15:34:59.899" endtime="20211030 15:35:04.914"/>
</kw>
<kw name="Click Button" library="SeleniumLibrary">
<arg>${book_button}</arg>
<doc>Clicks the button identified by ``locator``.</doc>
<msg timestamp="20211030 15:35:04.915" level="INFO">Clicking button 'css:button.c-btn'.</msg>
<status status="PASS" starttime="20211030 15:35:04.915" endtime="20211030 15:35:06.729"/>
</kw>
<status status="PASS" starttime="20211030 15:34:59.898" endtime="20211030 15:35:06.731"/>
</kw>
<kw name="Get the title of the Page and Print in it." library="ReviewPageObject">
<kw name="Sleep" library="BuiltIn">
<arg>5s</arg>
<doc>Pauses the test executed for the given time.</doc>
<msg timestamp="20211030 15:35:11.755" level="INFO">Slept 5 seconds</msg>
<status status="PASS" starttime="20211030 15:35:06.736" endtime="20211030 15:35:11.755"/>
</kw>
<kw name="Log Title" library="SeleniumLibrary">
<doc>Logs and returns the title of the current page.</doc>
<msg timestamp="20211030 15:35:11.773" level="INFO">Review Store Online - Buy Review Online at Best Price in India | Flipkart.com</msg>
<status status="PASS" starttime="20211030 15:35:11.756" endtime="20211030 15:35:11.773"/>
</kw>
<kw name="Title Should Be" library="SeleniumLibrary">
<arg>Review Store Online - Buy Review Online at Best Price in India | Flipkart.com</arg>
<doc>Verifies that the current page title equals ``title``.</doc>
<msg timestamp="20211030 15:35:11.792" level="INFO">Page title is 'Review Store Online - Buy Review Online at Best Price in India | Flipkart.com'.</msg>
<status status="PASS" starttime="20211030 15:35:11.773" endtime="20211030 15:35:11.792"/>
</kw>
<status status="PASS" starttime="20211030 15:35:06.734" endtime="20211030 15:35:11.792"/>
</kw>
<status status="PASS" starttime="20211030 15:34:21.255" endtime="20211030 15:35:11.792"/>
</test>
<doc>This Contains BookingPage Test in them</doc>
<status status="PASS" starttime="20211030 15:34:14.290" endtime="20211030 15:35:11.792"/>
</suite>
<statistics>
<total>
<stat pass="1" fail="0" skip="0">All Tests</stat>
</total>
<tag>
</tag>
<suite>
<stat pass="1" fail="0" skip="0" id="s1" name="EndtoEndTest">EndtoEndTest</stat>
</suite>
</statistics>
<errors>
</errors>
</robot>
