<?xml version="1.0" encoding="UTF-8"?>
<robot generator="Robot 4.1.1 (Python 3.9.7 on win32)" generated="20211029 12:47:29.568" rpa="false" schemaversion="2">
<suite id="s1" name="EndtoEndTest" source="C:\Users\arvram\PycharmProjects\FlipkartFlightBooking\tests\EndtoEndTest.robot">
<kw name="Opening Browser with FlipKart Url" library="Generic" type="SETUP">
<kw name="Create Webdriver" library="SeleniumLibrary">
<arg>${browser_name}</arg>
<arg>executable_path=C:/Users/arvram/Documents/chromedriver/chromedriver.exe</arg>
<doc>Creates an instance of Selenium WebDriver.</doc>
<msg timestamp="20211029 12:47:29.911" level="INFO">Creating an instance of the Chrome WebDriver.</msg>
<status status="PASS" starttime="20211029 12:47:29.911" endtime="20211029 12:47:30.910"/>
</kw>
<kw name="Go To" library="SeleniumLibrary">
<arg>${url}</arg>
<doc>Navigates the current browser window to the provided ``url``.</doc>
<msg timestamp="20211029 12:47:30.911" level="INFO">Opening url 'https://www.flipkart.com/'</msg>
<status status="PASS" starttime="20211029 12:47:30.911" endtime="20211029 12:47:33.173"/>
</kw>
<kw name="Maximize Browser Window" library="SeleniumLibrary">
<doc>Maximizes current browser window.</doc>
<status status="PASS" starttime="20211029 12:47:33.174" endtime="20211029 12:47:33.319"/>
</kw>
<kw name="Sleep" library="BuiltIn">
<arg>1s</arg>
<doc>Pauses the test executed for the given time.</doc>
<msg timestamp="20211029 12:47:34.320" level="INFO">Slept 1 second</msg>
<status status="PASS" starttime="20211029 12:47:33.319" endtime="20211029 12:47:34.320"/>
</kw>
<status status="PASS" starttime="20211029 12:47:29.911" endtime="20211029 12:47:34.320"/>
</kw>
<test id="s1-t1" name="Should be able to complete an End to end scneario">
<kw name="Click on the close icon in LoginPopup" library="LandingPageObjects">
<kw name="Set Selenium Implicit Wait" library="SeleniumLibrary">
<arg>15s</arg>
<doc>Sets the implicit wait value used by Selenium.</doc>
<status status="PASS" starttime="20211029 12:47:34.321" endtime="20211029 12:47:34.324"/>
</kw>
<kw name="Click Button" library="SeleniumLibrary">
<arg>xpath://button[contains(text(),'✕')]</arg>
<doc>Clicks the button identified by ``locator``.</doc>
<msg timestamp="20211029 12:47:34.324" level="INFO">Clicking button 'xpath://button[contains(text(),'✕')]'.</msg>
<status status="PASS" starttime="20211029 12:47:34.324" endtime="20211029 12:47:34.413"/>
</kw>
<status status="PASS" starttime="20211029 12:47:34.321" endtime="20211029 12:47:34.414"/>
</kw>
<kw name="Click on the Travel Image option" library="LandingPageObjects">
<kw name="Click Image" library="SeleniumLibrary">
<arg>xpath://img[@alt='Travel']</arg>
<doc>Clicks an image identified by ``locator``.</doc>
<msg timestamp="20211029 12:47:34.418" level="INFO">Clicking image 'xpath://img[@alt='Travel']'.</msg>
<status status="PASS" starttime="20211029 12:47:34.418" endtime="20211029 12:47:34.489"/>
</kw>
<status status="PASS" starttime="20211029 12:47:34.417" endtime="20211029 12:47:34.490"/>
</kw>
<kw name=" Wait for booking page to Load" library="BookingPageObjects">
<kw name="Wait Until Page Contains Element" library="SeleniumLibrary">
<arg>${flipkart_title}</arg>
<doc>Waits until the element ``locator`` appears on the current page.</doc>
<status status="PASS" starttime="20211029 12:47:34.493" endtime="20211029 12:47:34.514"/>
</kw>
<status status="PASS" starttime="20211029 12:47:34.492" endtime="20211029 12:47:34.514"/>
</kw>
<kw name="Verify if OneWay Radio button is selected as default" library="BookingPageObjects">
<kw name="Radio Button Should Be Set To" library="SeleniumLibrary">
<arg>tripTypeList</arg>
<arg>on</arg>
<doc>Verifies radio button group ``group_name`` is set to ``value``.</doc>
<msg timestamp="20211029 12:47:34.516" level="INFO">Verifying radio button 'tripTypeList' has selection 'on'.</msg>
<status status="PASS" starttime="20211029 12:47:34.515" endtime="20211029 12:47:34.777"/>
</kw>
<status status="PASS" starttime="20211029 12:47:34.515" endtime="20211029 12:47:34.777"/>
</kw>
<kw name="Click on the TwoWay Radio Button" library="BookingPageObjects">
<kw name="Set Selenium Implicit Wait" library="SeleniumLibrary">
<arg>15s</arg>
<doc>Sets the implicit wait value used by Selenium.</doc>
<status status="PASS" starttime="20211029 12:47:34.778" endtime="20211029 12:47:34.782"/>
</kw>
<kw name="Click Element" library="SeleniumLibrary">
<arg>${round_trip_button}</arg>
<doc>Click the element identified by ``locator``.</doc>
<msg timestamp="20211029 12:47:34.784" level="INFO">Clicking element 'xpath://div[contains(text(),'Round Trip')]'.</msg>
<status status="PASS" starttime="20211029 12:47:34.783" endtime="20211029 12:47:34.918"/>
</kw>
<kw name="Click Element" library="SeleniumLibrary">
<arg>${round_trip_button}</arg>
<doc>Click the element identified by ``locator``.</doc>
<msg timestamp="20211029 12:47:34.919" level="INFO">Clicking element 'xpath://div[contains(text(),'Round Trip')]'.</msg>
<status status="PASS" starttime="20211029 12:47:34.918" endtime="20211029 12:47:35.079"/>
</kw>
<kw name="Sleep" library="BuiltIn">
<arg>5s</arg>
<doc>Pauses the test executed for the given time.</doc>
<msg timestamp="20211029 12:47:40.080" level="INFO">Slept 5 seconds</msg>
<status status="PASS" starttime="20211029 12:47:35.079" endtime="20211029 12:47:40.080"/>
</kw>
<status status="PASS" starttime="20211029 12:47:34.777" endtime="20211029 12:47:40.080"/>
</kw>
<kw name="Select the depature city" library="BookingPageObjects">
<kw name="Set Selenium Implicit Wait" library="SeleniumLibrary">
<arg>15s</arg>
<doc>Sets the implicit wait value used by Selenium.</doc>
<status status="PASS" starttime="20211029 12:47:40.081" endtime="20211029 12:47:40.083"/>
</kw>
<kw name="Auto Suggestion Dropdown" library="BookingPage">
<arg>${depart_city}</arg>
<arg>Kolkata</arg>
<msg timestamp="20211029 12:47:40.083" level="INFO">Clicking element 'xpath://input[@name='0-departcity']'.</msg>
<msg timestamp="20211029 12:47:40.149" level="INFO">Sending key(s) ('CTRL+a',) to xpath://input[@name='0-departcity'] element.</msg>
<msg timestamp="20211029 12:47:40.452" level="INFO">Pressing special key CONTROL down.</msg>
<msg timestamp="20211029 12:47:40.452" level="INFO">Sending key a</msg>
<msg timestamp="20211029 12:47:40.452" level="INFO">Releasing special key CONTROL.</msg>
<msg timestamp="20211029 12:47:40.463" level="INFO">Sending key(s) ('BACKSPACE',) to xpath://input[@name='0-departcity'] element.</msg>
<msg timestamp="20211029 12:47:40.745" level="INFO">Pressing special key BACKSPACE to element.</msg>
<msg timestamp="20211029 12:47:40.745" level="INFO">Releasing special key BACKSPACE.</msg>
<msg timestamp="20211029 12:47:40.761" level="INFO">Typing text 'Kolkata' into text field 'xpath://input[@name='0-departcity']'.</msg>
<msg timestamp="20211029 12:47:43.841" level="INFO">Sending key(s) ('ARROW_DOWN',) to xpath://input[@name='0-departcity'] element.</msg>
<msg timestamp="20211029 12:47:44.121" level="INFO">Pressing special key ARROW_DOWN to element.</msg>
<msg timestamp="20211029 12:47:44.121" level="INFO">Releasing special key ARROW_DOWN.</msg>
<msg timestamp="20211029 12:47:44.128" level="INFO">Sending key(s) ('ENTER',) to xpath://input[@name='0-departcity'] element.</msg>
<msg timestamp="20211029 12:47:44.409" level="INFO">Pressing special key ENTER to element.</msg>
<msg timestamp="20211029 12:47:44.409" level="INFO">Releasing special key ENTER.</msg>
<status status="PASS" starttime="20211029 12:47:40.083" endtime="20211029 12:47:44.423"/>
</kw>
<status status="PASS" starttime="20211029 12:47:40.080" endtime="20211029 12:47:44.423"/>
</kw>
<kw name="Select the arrival city" library="BookingPageObjects">
<kw name="Set Selenium Implicit Wait" library="SeleniumLibrary">
<arg>20s</arg>
<doc>Sets the implicit wait value used by Selenium.</doc>
<status status="PASS" starttime="20211029 12:47:44.424" endtime="20211029 12:47:44.426"/>
</kw>
<kw name="Auto Suggestion Dropdown" library="BookingPage">
<arg>${arrival_city}</arg>
<arg>Chennai</arg>
<msg timestamp="20211029 12:47:44.426" level="INFO">Clicking element 'xpath://input[@name='0-arrivalcity']'.</msg>
<msg timestamp="20211029 12:47:44.484" level="INFO">Sending key(s) ('CTRL+a',) to xpath://input[@name='0-arrivalcity'] element.</msg>
<msg timestamp="20211029 12:47:44.777" level="INFO">Pressing special key CONTROL down.</msg>
<msg timestamp="20211029 12:47:44.777" level="INFO">Sending key a</msg>
<msg timestamp="20211029 12:47:44.777" level="INFO">Releasing special key CONTROL.</msg>
<msg timestamp="20211029 12:47:44.787" level="INFO">Sending key(s) ('BACKSPACE',) to xpath://input[@name='0-arrivalcity'] element.</msg>
<msg timestamp="20211029 12:47:45.057" level="INFO">Pressing special key BACKSPACE to element.</msg>
<msg timestamp="20211029 12:47:45.057" level="INFO">Releasing special key BACKSPACE.</msg>
<msg timestamp="20211029 12:47:45.065" level="INFO">Typing text 'Chennai' into text field 'xpath://input[@name='0-arrivalcity']'.</msg>
<msg timestamp="20211029 12:47:48.140" level="INFO">Sending key(s) ('ARROW_DOWN',) to xpath://input[@name='0-arrivalcity'] element.</msg>
<msg timestamp="20211029 12:47:48.414" level="INFO">Pressing special key ARROW_DOWN to element.</msg>
<msg timestamp="20211029 12:47:48.414" level="INFO">Releasing special key ARROW_DOWN.</msg>
<msg timestamp="20211029 12:47:48.422" level="INFO">Sending key(s) ('ENTER',) to xpath://input[@name='0-arrivalcity'] element.</msg>
<msg timestamp="20211029 12:47:48.690" level="INFO">Pressing special key ENTER to element.</msg>
<msg timestamp="20211029 12:47:48.690" level="INFO">Releasing special key ENTER.</msg>
<status status="PASS" starttime="20211029 12:47:44.426" endtime="20211029 12:47:48.703"/>
</kw>
<status status="PASS" starttime="20211029 12:47:44.423" endtime="20211029 12:47:48.703"/>
</kw>
<kw name="Select the Departue date" library="BookingPageObjects">
<kw name="Date Selection" library="BookingPage">
<arg>1</arg>
<arg>14</arg>
<msg timestamp="20211029 12:47:48.704" level="INFO">Clicking element '(//button[contains(text(),'1')])[14]'.</msg>
<status status="PASS" starttime="20211029 12:47:48.704" endtime="20211029 12:47:48.889"/>
</kw>
<status status="PASS" starttime="20211029 12:47:48.703" endtime="20211029 12:47:48.890"/>
</kw>
<kw name="Select the Return date" library="BookingPageObjects">
<kw name="Set Selenium Implicit Wait" library="SeleniumLibrary">
<arg>15s</arg>
<doc>Sets the implicit wait value used by Selenium.</doc>
<status status="PASS" starttime="20211029 12:47:48.890" endtime="20211029 12:47:48.893"/>
</kw>
<kw name="Date Selection" library="BookingPage">
<arg>30</arg>
<arg>2</arg>
<msg timestamp="20211029 12:47:48.894" level="INFO">Clicking element '(//button[contains(text(),'30')])[2]'.</msg>
<status status="PASS" starttime="20211029 12:47:48.893" endtime="20211029 12:47:48.959"/>
</kw>
<status status="PASS" starttime="20211029 12:47:48.890" endtime="20211029 12:47:48.959"/>
</kw>
<kw name="Add total number of Adults and childrens travellers" library="BookingPageObjects">
<kw name="Add Travellers" library="BookingPage">
<arg>2</arg>
<msg timestamp="20211029 12:47:48.960" level="INFO">Clicking element '(// div[@class ='VjWsXZ'])[2]'.</msg>
<status status="PASS" starttime="20211029 12:47:48.960" endtime="20211029 12:47:49.131"/>
</kw>
<kw name="Add Travellers" library="BookingPage">
<arg>4</arg>
<msg timestamp="20211029 12:47:49.131" level="INFO">Clicking element '(// div[@class ='VjWsXZ'])[4]'.</msg>
<status status="PASS" starttime="20211029 12:47:49.131" endtime="20211029 12:47:49.197"/>
</kw>
<status status="PASS" starttime="20211029 12:47:48.960" endtime="20211029 12:47:49.197"/>
</kw>
<kw name="Verify if Economy Radio button is selected as default" library="BookingPageObjects">
<kw name="Radio Button Should Be Set To" library="SeleniumLibrary">
<arg>travel-cabin-class</arg>
<arg>on</arg>
<doc>Verifies radio button group ``group_name`` is set to ``value``.</doc>
<msg timestamp="20211029 12:47:49.198" level="INFO">Verifying radio button 'travel-cabin-class' has selection 'on'.</msg>
<status status="PASS" starttime="20211029 12:47:49.198" endtime="20211029 12:47:49.233"/>
</kw>
<status status="PASS" starttime="20211029 12:47:49.198" endtime="20211029 12:47:49.233"/>
</kw>
<kw name="Click on the Search button after entering all booking details" library="BookingPageObjects">
<kw name="Click Element" library="SeleniumLibrary">
<arg>${search_button}</arg>
<doc>Click the element identified by ``locator``.</doc>
<msg timestamp="20211029 12:47:49.234" level="INFO">Clicking element 'xpath://span[normalize-space()='SEARCH']'.</msg>
<status status="PASS" starttime="20211029 12:47:49.234" endtime="20211029 12:47:49.290"/>
</kw>
<status status="PASS" starttime="20211029 12:47:49.234" endtime="20211029 12:47:49.291"/>
</kw>
<kw name="Wait for the Flight booking page to Load" library="FlightResultsPageObjects">
<kw name="Set Selenium Implicit Wait" library="SeleniumLibrary">
<arg>30s</arg>
<doc>Sets the implicit wait value used by Selenium.</doc>
<status status="PASS" starttime="20211029 12:47:49.292" endtime="20211029 12:47:49.295"/>
</kw>
<kw name="Sleep" library="BuiltIn">
<arg>10s</arg>
<doc>Pauses the test executed for the given time.</doc>
<msg timestamp="20211029 12:47:59.296" level="INFO">Slept 10 seconds</msg>
<status status="PASS" starttime="20211029 12:47:49.295" endtime="20211029 12:47:59.296"/>
</kw>
<kw name="Wait Until Page Contains Element" library="SeleniumLibrary">
<arg>${nonstop_button}</arg>
<doc>Waits until the element ``locator`` appears on the current page.</doc>
<status status="PASS" starttime="20211029 12:47:59.296" endtime="20211029 12:47:59.307"/>
</kw>
<status status="PASS" starttime="20211029 12:47:49.291" endtime="20211029 12:47:59.307"/>
</kw>
<kw name="Click on the Non stop checkbox if it is not selected" library="FlightResultsPageObjects">
<kw name="Set Selenium Implicit Wait" library="SeleniumLibrary">
<arg>20s</arg>
<doc>Sets the implicit wait value used by Selenium.</doc>
<status status="PASS" starttime="20211029 12:47:59.308" endtime="20211029 12:47:59.310"/>
</kw>
<kw name="Click Element" library="SeleniumLibrary">
<arg>${nonstop_verification}</arg>
<doc>Click the element identified by ``locator``.</doc>
<msg timestamp="20211029 12:47:59.310" level="INFO">Clicking element 'xpath:(//span[@class='c-switch switch-off'])[1]'.</msg>
<status status="PASS" starttime="20211029 12:47:59.310" endtime="20211029 12:47:59.431"/>
</kw>
<kw name="Sleep" library="BuiltIn">
<arg>4s</arg>
<doc>Pauses the test executed for the given time.</doc>
<msg timestamp="20211029 12:48:03.433" level="INFO">Slept 4 seconds</msg>
<status status="PASS" starttime="20211029 12:47:59.431" endtime="20211029 12:48:03.433"/>
</kw>
<status status="PASS" starttime="20211029 12:47:59.307" endtime="20211029 12:48:03.433"/>
</kw>
<kw name="Print prices of all the flights both depature and arrival" library="FlightResultsPageObjects">
<kw name="Arrival Flight Prices" library="FlightResultsPage">
<arg>${arrival_flight_prices}</arg>
<msg timestamp="20211029 12:48:03.472" level="INFO">Chennai -&gt; Kolkata
4118
Chennai -&gt; Kolkata
4213</msg>
<status status="PASS" starttime="20211029 12:48:03.434" endtime="20211029 12:48:03.472"/>
</kw>
<kw name="Depart Flight Prices" library="FlightResultsPage">
<arg>${depart_flight_prices}</arg>
<msg timestamp="20211029 12:48:03.598" level="INFO">Executing JavaScript:
window.scrollTo(0, 1000)
Without any arguments.</msg>
<msg timestamp="20211029 12:48:06.605" level="INFO">Kolkata -&gt; Chennai
5788
Kolkata -&gt; Chennai
5840
Kolkata -&gt; Chennai
5840
Kolkata -&gt; Chennai
6093
Kolkata -&gt; Chennai
6490
Kolkata -&gt; Chennai
6594
Kolkata -&gt; Chennai
6909
Kolkata -&gt; Chennai
7749
Kolkata -&gt; Chennai
8379</msg>
<status status="PASS" starttime="20211029 12:48:03.472" endtime="20211029 12:48:06.605"/>
</kw>
<status status="PASS" starttime="20211029 12:48:03.434" endtime="20211029 12:48:06.606"/>
</kw>
<kw name="Select the Last flight from the list of flights" library="FlightResultsPageObjects">
<kw name="Set Selenium Implicit Wait" library="SeleniumLibrary">
<arg>15s</arg>
<doc>Sets the implicit wait value used by Selenium.</doc>
<status status="PASS" starttime="20211029 12:48:06.608" endtime="20211029 12:48:06.612"/>
</kw>
<kw name="Wait Until Element Is Visible" library="SeleniumLibrary">
<arg>${last_flight}</arg>
<doc>Waits until the element ``locator`` is visible.</doc>
<status status="PASS" starttime="20211029 12:48:06.613" endtime="20211029 12:48:06.638"/>
</kw>
<kw name="Sleep" library="BuiltIn">
<arg>5s</arg>
<doc>Pauses the test executed for the given time.</doc>
<msg timestamp="20211029 12:48:11.639" level="INFO">Slept 5 seconds</msg>
<status status="PASS" starttime="20211029 12:48:06.638" endtime="20211029 12:48:11.639"/>
</kw>
<kw name="Click Element" library="SeleniumLibrary">
<arg>${last_flight}</arg>
<doc>Click the element identified by ``locator``.</doc>
<msg timestamp="20211029 12:48:11.639" level="INFO">Clicking element 'xpath:(//div[@class='radio-list-item'])[9]'.</msg>
<status status="PASS" starttime="20211029 12:48:11.639" endtime="20211029 12:48:11.717"/>
</kw>
<status status="PASS" starttime="20211029 12:48:06.607" endtime="20211029 12:48:11.717"/>
</kw>
<kw name="Click on the book button to book the flights" library="FlightResultsPageObjects">
<kw name="Sleep" library="BuiltIn">
<arg>5s</arg>
<doc>Pauses the test executed for the given time.</doc>
<msg timestamp="20211029 12:48:16.718" level="INFO">Slept 5 seconds</msg>
<status status="PASS" starttime="20211029 12:48:11.718" endtime="20211029 12:48:16.718"/>
</kw>
<kw name="Click Button" library="SeleniumLibrary">
<arg>${book_button}</arg>
<doc>Clicks the button identified by ``locator``.</doc>
<msg timestamp="20211029 12:48:16.718" level="INFO">Clicking button 'css:button.c-btn'.</msg>
<status status="PASS" starttime="20211029 12:48:16.718" endtime="20211029 12:48:17.761"/>
</kw>
<status status="PASS" starttime="20211029 12:48:11.718" endtime="20211029 12:48:17.761"/>
</kw>
<kw name="Get the title of the Page and Print in it." library="ReviewPageObject">
<kw name="Sleep" library="BuiltIn">
<arg>5s</arg>
<doc>Pauses the test executed for the given time.</doc>
<msg timestamp="20211029 12:48:22.764" level="INFO">Slept 5 seconds</msg>
<status status="PASS" starttime="20211029 12:48:17.763" endtime="20211029 12:48:22.764"/>
</kw>
<kw name="Log Title" library="SeleniumLibrary">
<doc>Logs and returns the title of the current page.</doc>
<msg timestamp="20211029 12:48:22.771" level="INFO">Review Store Online - Buy Review Online at Best Price in India | Flipkart.com</msg>
<status status="PASS" starttime="20211029 12:48:22.764" endtime="20211029 12:48:22.771"/>
</kw>
<kw name="Title Should Be" library="SeleniumLibrary">
<arg>Review Store Online - Buy Review Online at Best Price in India | Flipkart.com</arg>
<doc>Verifies that the current page title equals ``title``.</doc>
<msg timestamp="20211029 12:48:22.776" level="INFO">Page title is 'Review Store Online - Buy Review Online at Best Price in India | Flipkart.com'.</msg>
<status status="PASS" starttime="20211029 12:48:22.771" endtime="20211029 12:48:22.776"/>
</kw>
<status status="PASS" starttime="20211029 12:48:17.762" endtime="20211029 12:48:22.777"/>
</kw>
<status status="PASS" starttime="20211029 12:47:34.320" endtime="20211029 12:48:22.777"/>
</test>
<doc>This Contains BookingPage Test in them</doc>
<status status="PASS" starttime="20211029 12:47:29.570" endtime="20211029 12:48:22.779"/>
</suite>
<statistics>
<total>
<stat pass="1" fail="0" skip="0">All Tests</stat>
</total>
<tag>
</tag>
<suite>
<stat pass="1" fail="0" skip="0" id="s1" name="EndtoEndTest">EndtoEndTest</stat>
</suite>
</statistics>
<errors>
</errors>
</robot>
